Projects/Android/build/intermediates/manifest_merge_blame_file/debug/manifest-merger-blame-debug-report.txt
1<?xml version="1.0" encoding="utf-8"?>
2<manifest xmlns:android="http://schemas.android.com/apk/res/android"
3    package="com.oculus.sdk.vrcubeworldna"
4    android:installLocation="auto"
5    android:versionCode="1"
6    android:versionName="1.0" >
7
8    <uses-sdk
9        android:minSdkVersion="24"
9-->Projects\Android\AndroidManifest.xml
10        android:targetSdkVersion="25" />
10-->Projects\Android\AndroidManifest.xml
11
12    <!-- Tell the system this app requires OpenGL ES 3.1. -->
13    <uses-feature
13-->Projects\Android\AndroidManifest.xml:9:2-74
14        android:glEsVersion="0x00030001"
14-->Projects\Android\AndroidManifest.xml:9:16-48
15        android:required="true" />
15-->Projects\Android\AndroidManifest.xml:9:49-72
16    <!-- Tell the system this app works in either 3dof or 6dof mode -->
17    <!-- <uses-feature android:name="android.hardware.vr.headtracking" android:required="true" /> -->
18    <uses-feature
18-->Projects\Android\AndroidManifest.xml:12:2-90
19        android:name="android.hardware.vr.headtracking"
19-->Projects\Android\AndroidManifest.xml:12:16-63
20        android:required="true" />
20-->Projects\Android\AndroidManifest.xml:12:64-87
21    <!-- Network access needed for OVRMonitor -->
22    <!-- <uses-permission android:name="android.permission.INTERNET" /> -->
23    <uses-permission android:name="android.permission.INTERNET" />
23-->Projects\Android\AndroidManifest.xml:15:2-64
23-->Projects\Android\AndroidManifest.xml:15:19-61
24    <!-- Volume Control -->
25    <!-- <uses-permission android:name="android.permission.MODIFY_AUDIO_SETTINGS" /> -->
26    <uses-permission android:name="android.permission.MODIFY_AUDIO_SETTINGS" />
26-->Projects\Android\AndroidManifest.xml:18:2-77
26-->Projects\Android\AndroidManifest.xml:18:19-74
27    <!-- <uses-permission android:name="android.permission.ACCESS_NETWORK_STATE" /> -->
28    <uses-permission android:name="android.permission.ACCESS_NETWORK_STATE" />
28-->Projects\Android\AndroidManifest.xml:20:2-76
28-->Projects\Android\AndroidManifest.xml:20:19-73
29
30    <application
30-->Projects\Android\AndroidManifest.xml:22:2-48:16
31        android:allowBackup="false"
31-->Projects\Android\AndroidManifest.xml:22:15-42
32        android:debuggable="true"
33        android:label="vrcubeworldna"
33-->Projects\Android\AndroidManifest.xml:22:43-72
34        android:testOnly="true" >
35        <meta-data
35-->Projects\Android\AndroidManifest.xml:23:3-94
36            android:name="com.samsung.android.vr.application.mode"
36-->Projects\Android\AndroidManifest.xml:23:14-68
37            android:value="vr_only" />
37-->Projects\Android\AndroidManifest.xml:23:69-92
38        <meta-data
38-->Projects\Android\AndroidManifest.xml:24:5-81
39            android:name="com.oculus.supportedDevices"
39-->Projects\Android\AndroidManifest.xml:24:16-58
40            android:value="all" />
40-->Projects\Android\AndroidManifest.xml:24:59-78
41
42        <!-- The activity is the built-in NativeActivity framework class. -->
43        <!-- launchMode is set to singleTask because there should never be multiple copies of the app running. -->
44        <!-- Theme.Black.NoTitleBar.Fullscreen gives solid black instead of a (bad stereoscopic) gradient on app transition. -->
45        <!-- If targeting API level 24+, configChanges should additionally include 'density'. -->
46        <!-- If targeting API level 24+, android:resizeableActivity="false" should be added. -->
47        <activity
47-->Projects\Android\AndroidManifest.xml:31:3-47:14
48            android:name="com.oculus.sdk.vrcubeworldna.MainActivity"
48-->Projects\Android\AndroidManifest.xml:32:5-61
49            android:configChanges="screenSize|screenLayout|orientation|keyboardHidden|keyboard|navigation|uiMode"
49-->Projects\Android\AndroidManifest.xml:37:5-106
50            android:excludeFromRecents="false"
50-->Projects\Android\AndroidManifest.xml:36:5-39
51            android:launchMode="singleTask"
51-->Projects\Android\AndroidManifest.xml:34:5-36
52            android:screenOrientation="landscape"
52-->Projects\Android\AndroidManifest.xml:35:5-42
53            android:theme="@android:style/Theme.Black.NoTitleBar.Fullscreen" >
53-->Projects\Android\AndroidManifest.xml:33:5-69
54
55            <!-- Tell NativeActivity the name of the .so -->
56            <meta-data
56-->Projects\Android\AndroidManifest.xml:39:4-81
57                android:name="android.app.lib_name"
57-->Projects\Android\AndroidManifest.xml:39:15-50
58                android:value="vrcubeworld" />
58-->Projects\Android\AndroidManifest.xml:39:51-78
59            <!-- Indicate the activity is aware of VrApi focus states required for system overlays -->
60            <meta-data
60-->Projects\Android\AndroidManifest.xml:41:7-80
61                android:name="com.oculus.vr.focusaware"
61-->Projects\Android\AndroidManifest.xml:41:18-57
62                android:value="true" />
62-->Projects\Android\AndroidManifest.xml:41:58-78
63            <!-- This filter lets the apk show up as a launchable icon. -->
64            <intent-filter>
64-->Projects\Android\AndroidManifest.xml:43:4-46:20
65                <action android:name="android.intent.action.MAIN" />
65-->Projects\Android\AndroidManifest.xml:44:5-57
65-->Projects\Android\AndroidManifest.xml:44:13-54
66
67                <category android:name="android.intent.category.LAUNCHER" />
67-->Projects\Android\AndroidManifest.xml:45:5-65
67-->Projects\Android\AndroidManifest.xml:45:15-62
68            </intent-filter>
69        </activity>
70    </application>
71
72</manifest>